nohup: ignoring input

  .   ____          _            __ _ _
 /\\ / ___'_ __ _ _(_)_ __  __ _ \ \ \ \
( ( )\___ | '_ | '_| | '_ \/ _` | \ \ \ \
 \\/  ___)| |_)| | | | | || (_| |  ) ) ) )
  '  |____| .__|_| |_|_| |_\__, | / / / /
 =========|_|==============|___/=/_/_/_/

 :: Spring Boot ::                (v3.4.4)

2025-06-19T08:31:18.547Z  INFO 119646 --- [receipie-api] [           main] c.p.receipie_api.ReceiPieApiApplication  : Starting ReceiPieApiApplication v0.0.1-SNAPSHOT using Java 17.0.15 with PID 119646 (/home/ubuntu/ReceiPie-api/build/libs/receipie-api-0.0.1-SNAPSHOT.jar started by ubuntu in /home/ubuntu/ReceiPie-api)
2025-06-19T08:31:18.556Z  INFO 119646 --- [receipie-api] [           main] c.p.receipie_api.ReceiPieApiApplication  : The following 1 profile is active: "dev"
2025-06-19T08:31:21.509Z  INFO 119646 --- [receipie-api] [           main] .s.d.r.c.RepositoryConfigurationDelegate : Bootstrapping Spring Data JPA repositories in DEFAULT mode.
2025-06-19T08:31:21.737Z  INFO 119646 --- [receipie-api] [           main] .s.d.r.c.RepositoryConfigurationDelegate : Finished Spring Data repository scanning in 197 ms. Found 5 JPA repository interfaces.
2025-06-19T08:31:23.710Z  INFO 119646 --- [receipie-api] [           main] o.s.b.w.embedded.tomcat.TomcatWebServer  : Tomcat initialized with port 8080 (http)
2025-06-19T08:31:23.752Z  INFO 119646 --- [receipie-api] [           main] o.apache.catalina.core.StandardService   : Starting service [Tomcat]
2025-06-19T08:31:23.754Z  INFO 119646 --- [receipie-api] [           main] o.apache.catalina.core.StandardEngine    : Starting Servlet engine: [Apache Tomcat/10.1.39]
2025-06-19T08:31:24.113Z  INFO 119646 --- [receipie-api] [           main] o.a.c.c.C.[Tomcat].[localhost].[/]       : Initializing Spring embedded WebApplicationContext
2025-06-19T08:31:24.119Z  INFO 119646 --- [receipie-api] [           main] w.s.c.ServletWebServerApplicationContext : Root WebApplicationContext: initialization completed in 5408 ms
2025-06-19T08:31:25.262Z  INFO 119646 --- [receipie-api] [           main] o.hibernate.jpa.internal.util.LogHelper  : HHH000204: Processing PersistenceUnitInfo [name: default]
2025-06-19T08:31:25.423Z  INFO 119646 --- [receipie-api] [           main] org.hibernate.Version                    : HHH000412: Hibernate ORM core version 6.6.11.Final
2025-06-19T08:31:25.518Z  INFO 119646 --- [receipie-api] [           main] o.h.c.internal.RegionFactoryInitiator    : HHH000026: Second-level cache disabled
2025-06-19T08:31:26.480Z  INFO 119646 --- [receipie-api] [           main] o.s.o.j.p.SpringPersistenceUnitInfo      : No LoadTimeWeaver setup: ignoring JPA class transformer
2025-06-19T08:31:26.590Z  INFO 119646 --- [receipie-api] [           main] com.zaxxer.hikari.HikariDataSource       : HikariPool-1 - Starting...
2025-06-19T08:31:27.088Z  INFO 119646 --- [receipie-api] [           main] com.zaxxer.hikari.pool.HikariPool        : HikariPool-1 - Added connection conn0: url=jdbc:h2:mem:testdb user=SA
2025-06-19T08:31:27.094Z  INFO 119646 --- [receipie-api] [           main] com.zaxxer.hikari.HikariDataSource       : HikariPool-1 - Start completed.
2025-06-19T08:31:27.302Z  INFO 119646 --- [receipie-api] [           main] org.hibernate.orm.connections.pooling    : HHH10001005: Database info:
	Database JDBC URL [Connecting through datasource 'HikariDataSource (HikariPool-1)']
	Database driver: undefined/unknown
	Database version: 2.3.232
	Autocommit mode: undefined/unknown
	Isolation level: undefined/unknown
	Minimum pool size: undefined/unknown
	Maximum pool size: undefined/unknown
2025-06-19T08:31:30.156Z  INFO 119646 --- [receipie-api] [           main] o.h.e.t.j.p.i.JtaPlatformInitiator       : HHH000489: No JTA platform available (set 'hibernate.transaction.jta.platform' to enable JTA platform integration)
Hibernate: 
    drop table if exists item cascade 
Hibernate: 
    drop table if exists item_buyer cascade 
Hibernate: 
    drop table if exists member cascade 
Hibernate: 
    drop table if exists receipt cascade 
Hibernate: 
    drop table if exists receipt_participant cascade 
Hibernate: 
    create table item (
        count integer not null,
        price integer not null,
        id bigint generated by default as identity,
        receipt_id bigint,
        name varchar(255) not null,
        primary key (id)
    )
Hibernate: 
    create table item_buyer (
        count integer not null,
        id bigint generated by default as identity,
        item_id bigint,
        username varchar(255) not null,
        primary key (id)
    )
Hibernate: 
    create table member (
        id bigint generated by default as identity,
        email varchar(255) not null unique,
        nickname varchar(255) not null,
        primary key (id)
    )
Hibernate: 
    create table receipt (
        total_price integer not null,
        date timestamp(6) not null,
        id bigint generated by default as identity,
        member_id bigint,
        store_name varchar(255) not null,
        primary key (id)
    )
Hibernate: 
    create table receipt_participant (
        id bigint generated by default as identity,
        receipt_id bigint,
        username varchar(255) not null,
        primary key (id)
    )
Hibernate: 
    alter table if exists item 
       add constraint FK8s305nsnv4wi5iuh7kkr52gqt 
       foreign key (receipt_id) 
       references receipt
Hibernate: 
    alter table if exists item_buyer 
       add constraint FKbewnpbk8abasqe3vkxf10bohv 
       foreign key (item_id) 
       references item
Hibernate: 
    alter table if exists receipt 
       add constraint FK2s7sws87bynqjgo121cgaqas5 
       foreign key (member_id) 
       references member
Hibernate: 
    alter table if exists receipt_participant 
       add constraint FK7fq8jks8kupweb2h5iorst8m8 
       foreign key (receipt_id) 
       references receipt
2025-06-19T08:31:30.376Z  INFO 119646 --- [receipie-api] [           main] j.LocalContainerEntityManagerFactoryBean : Initialized JPA EntityManagerFactory for persistence unit 'default'
2025-06-19T08:31:31.987Z  WARN 119646 --- [receipie-api] [           main] JpaBaseConfiguration$JpaWebConfiguration : spring.jpa.open-in-view is enabled by default. Therefore, database queries may be performed during view rendering. Explicitly configure spring.jpa.open-in-view to disable this warning
2025-06-19T08:31:32.051Z  WARN 119646 --- [receipie-api] [           main] .s.s.UserDetailsServiceAutoConfiguration : 

Using generated security password: 94b6c12b-8338-4f22-a97d-0cbe7c279083

This generated password is for development use only. Your security configuration must be updated before running your application in production.

2025-06-19T08:31:32.143Z  INFO 119646 --- [receipie-api] [           main] r$InitializeUserDetailsManagerConfigurer : Global AuthenticationManager configured with UserDetailsService bean with name inMemoryUserDetailsManager
2025-06-19T08:31:33.190Z  WARN 119646 --- [receipie-api] [           main] o.s.s.c.a.web.builders.WebSecurity       : You are asking Spring Security to ignore Deferred [Mvc [pattern='/swagger-ui/**'], Ant [pattern='/swagger-ui/**']]. This is not recommended -- please use permitAll via HttpSecurity#authorizeHttpRequests instead.
2025-06-19T08:31:33.192Z  WARN 119646 --- [receipie-api] [           main] o.s.s.c.a.web.builders.WebSecurity       : You are asking Spring Security to ignore Deferred [Mvc [pattern='/api-docs/**'], Ant [pattern='/api-docs/**']]. This is not recommended -- please use permitAll via HttpSecurity#authorizeHttpRequests instead.
2025-06-19T08:31:33.192Z  WARN 119646 --- [receipie-api] [           main] o.s.s.c.a.web.builders.WebSecurity       : You are asking Spring Security to ignore Deferred [Mvc [pattern='/api/oauth/**'], Ant [pattern='/api/oauth/**']]. This is not recommended -- please use permitAll via HttpSecurity#authorizeHttpRequests instead.
2025-06-19T08:31:33.192Z  WARN 119646 --- [receipie-api] [           main] o.s.s.c.a.web.builders.WebSecurity       : You are asking Spring Security to ignore Deferred [Mvc [pattern='/test.html'], Ant [pattern='/test.html']]. This is not recommended -- please use permitAll via HttpSecurity#authorizeHttpRequests instead.
2025-06-19T08:31:33.194Z  WARN 119646 --- [receipie-api] [           main] o.s.s.c.a.web.builders.WebSecurity       : You are asking Spring Security to ignore Deferred [Mvc [pattern='/login-test.html'], Ant [pattern='/login-test.html']]. This is not recommended -- please use permitAll via HttpSecurity#authorizeHttpRequests instead.
2025-06-19T08:31:33.194Z  WARN 119646 --- [receipie-api] [           main] o.s.s.c.a.web.builders.WebSecurity       : You are asking Spring Security to ignore Deferred [Mvc [pattern='/h2-console/**'], Ant [pattern='/h2-console/**']]. This is not recommended -- please use permitAll via HttpSecurity#authorizeHttpRequests instead.
2025-06-19T08:31:33.319Z  INFO 119646 --- [receipie-api] [           main] o.s.v.b.OptionalValidatorFactoryBean     : Failed to set up a Bean Validation provider: jakarta.validation.NoProviderFoundException: Unable to create a Configuration, because no Jakarta Bean Validation provider could be found. Add a provider like Hibernate Validator (RI) to your classpath.
2025-06-19T08:31:34.047Z  INFO 119646 --- [receipie-api] [           main] o.s.b.a.h2.H2ConsoleAutoConfiguration    : H2 console available at '/h2-console'. Database available at 'jdbc:h2:mem:testdb'
2025-06-19T08:31:34.376Z  INFO 119646 --- [receipie-api] [           main] o.s.b.w.embedded.tomcat.TomcatWebServer  : Tomcat started on port 8080 (http) with context path '/'
2025-06-19T08:31:34.439Z  INFO 119646 --- [receipie-api] [           main] c.p.receipie_api.ReceiPieApiApplication  : Started ReceiPieApiApplication in 17.653 seconds (process running for 19.385)
2025-06-19T08:31:42.592Z  INFO 119646 --- [receipie-api] [nio-8080-exec-1] o.a.c.c.C.[Tomcat].[localhost].[/]       : Initializing Spring DispatcherServlet 'dispatcherServlet'
2025-06-19T08:31:42.594Z  INFO 119646 --- [receipie-api] [nio-8080-exec-1] o.s.web.servlet.DispatcherServlet        : Initializing Servlet 'dispatcherServlet'
2025-06-19T08:31:42.597Z  INFO 119646 --- [receipie-api] [nio-8080-exec-1] o.s.web.servlet.DispatcherServlet        : Completed initialization in 3 ms
Hibernate: 
    select
        m1_0.id,
        m1_0.email,
        m1_0.nickname 
    from
        member m1_0 
    where
        m1_0.email=?
Hibernate: 
    insert 
    into
        member
        (email, nickname, id) 
    values
        (?, ?, default)
2025-06-19T08:35:39.165Z  INFO 119646 --- [receipie-api] [nio-8080-exec-3] o.springdoc.api.AbstractOpenApiResource  : Init duration for springdoc-openapi is: 1341 ms
2025-06-19T08:38:43.464Z  INFO 119646 --- [receipie-api] [nio-8080-exec-7] o.apache.coyote.http11.Http11Processor   : Error parsing HTTP request header
 Note: further occurrences of HTTP request parsing errors will be logged at DEBUG level.

java.lang.IllegalArgumentException: Invalid character found in method name [0x120x010x00^0x000x000x010x000x000x00$0x000x060x010x00*0x000x010x020x00+0x000x010x030x00,0x000x040x040x0000x000x010x050x0010x00$0x060x00U0x000x010xff0x040x070x0c0xbc0x000x000x000x000x000x000x150xd00x000xaf/0x850xc10xf60x7f0x000x00@0xf70x9f0x1f0xfc0x000x000x000xe00x810xaa0xc10xf60x7f0x000x000x000x000x000x000x000x000x000x000x000x000xbf0xf90x01...]. HTTP method names must be tokens
	at org.apache.coyote.http11.Http11InputBuffer.parseRequestLine(Http11InputBuffer.java:409) ~[tomcat-embed-core-10.1.39.jar!/:na]
	at org.apache.coyote.http11.Http11Processor.service(Http11Processor.java:270) ~[tomcat-embed-core-10.1.39.jar!/:na]
	at org.apache.coyote.AbstractProcessorLight.process(AbstractProcessorLight.java:63) ~[tomcat-embed-core-10.1.39.jar!/:na]
	at org.apache.coyote.AbstractProtocol$ConnectionHandler.process(AbstractProtocol.java:905) ~[tomcat-embed-core-10.1.39.jar!/:na]
	at org.apache.tomcat.util.net.NioEndpoint$SocketProcessor.doRun(NioEndpoint.java:1743) ~[tomcat-embed-core-10.1.39.jar!/:na]
	at org.apache.tomcat.util.net.SocketProcessorBase.run(SocketProcessorBase.java:52) ~[tomcat-embed-core-10.1.39.jar!/:na]
	at org.apache.tomcat.util.threads.ThreadPoolExecutor.runWorker(ThreadPoolExecutor.java:1190) ~[tomcat-embed-core-10.1.39.jar!/:na]
	at org.apache.tomcat.util.threads.ThreadPoolExecutor$Worker.run(ThreadPoolExecutor.java:659) ~[tomcat-embed-core-10.1.39.jar!/:na]
	at org.apache.tomcat.util.threads.TaskThread$WrappingRunnable.run(TaskThread.java:63) ~[tomcat-embed-core-10.1.39.jar!/:na]
	at java.base/java.lang.Thread.run(Thread.java:840) ~[na:na]

Hibernate: 
    select
        m1_0.id,
        m1_0.email,
        m1_0.nickname 
    from
        member m1_0 
    where
        m1_0.email=?
Hibernate: 
    select
        r1_0.id,
        r1_0.date,
        r1_0.member_id,
        r1_0.store_name,
        r1_0.total_price 
    from
        receipt r1_0 
    left join
        member m1_0 
            on m1_0.id=r1_0.member_id 
    where
        m1_0.id=?
